2020-07-30 20:01:20:120 info: Hello Lokesh
2020-07-30 20:02:01:21 info: Server is listening on port 3000
2020-07-30 20:36:27:3627 info: Server is listening on port 3000
2020-07-30 20:37:02:372 info: Server is listening on port 3000
2020-07-30 20:37:08:378 info: Request received, url=/hello
2020-07-30 20:37:08:378 info: Request completed, url=/hello
2020-07-30 20:37:18:3718 info: Request received, url=/hello
2020-07-30 20:37:18:3718 info: Request completed, url=/hello
2020-07-30 20:55:35:5535 info: Server is listening on port 3000
2020-07-30 20:55:42:5542 info: Request received, url=/ping
2020-07-30 20:55:42:5542 info: Request completed, url=/ping
2020-07-30 20:55:50:5550 info: Request received, url=/summary/1
2020-07-30 20:55:50:5550 info: Retriving sync summary, summary_id=1
2020-07-30 20:55:50:5550 info: Request completed, url=/1
2020-07-30 20:56:30:5630 info: Server is listening on port 3000
2020-07-30 20:56:40:5640 info: Request received, url=/summary/1
2020-07-30 20:56:40:5640 info: Retriving sync summary, summary_id=1
2020-07-30 20:56:40:5640 info: Request completed, url=/1
2020-07-30 20:56:57:5657 info: Request received, url=/summary/1
2020-07-30 20:56:57:5657 info: Retriving sync summary, summary_id=1
2020-07-30 20:56:57:5657 info: Request completed, url=/1
2020-07-31 09:02:19:219 info: Server is listening on port 3000
2020-07-31 09:02:25:225 info: Request received, url=/summary/1
2020-07-31 09:02:25:225 info: object
2020-07-31 09:02:25:225 info: Retriving sync summary, summary_id=1
2020-07-31 09:02:25:225 info: Request completed, url=/1
2020-07-31 09:07:27:727 info: Server is listening on port 3000
2020-07-31 09:25:18:2518 info: Server is listening on port 3000
2020-07-31 09:25:40:2540 info: Server is listening on port 3000
2020-07-31 09:25:40:2540 info: Request received, url=/summary/1
2020-07-31 09:25:40:2540 info: object
2020-07-31 09:25:40:2540 info: Retriving sync summary, summary_id=1
2020-07-31 09:25:40:2540 info: Request completed, url=/1
2020-07-31 09:25:54:2554 info: Server is listening on port 3000
2020-07-31 09:26:03:263 info: Request received, url=/summary/1
2020-07-31 09:26:03:263 info: object
2020-07-31 09:26:03:263 info: Retriving sync summary, summary_id=1
2020-07-31 09:26:03:263 info: Request completed, url=/1
2020-07-31 09:26:05:265 info: Request received, url=/summary/1
2020-07-31 09:26:05:265 info: object
2020-07-31 09:26:05:265 info: Retriving sync summary, summary_id=1
2020-07-31 09:26:05:265 info: Request completed, url=/1
2020-07-31 09:26:06:266 info: Request received, url=/summary/1
2020-07-31 09:26:06:266 info: object
2020-07-31 09:26:06:266 info: Retriving sync summary, summary_id=1
2020-07-31 09:26:06:266 info: Request completed, url=/1
2020-07-31 09:26:29:2629 info: Server is listening on port 3000
2020-07-31 09:26:32:2632 info: Server is listening on port 3000
2020-07-31 09:26:46:2646 info: Server is listening on port 3000
2020-07-31 09:26:57:2657 info: Request received, url=/summary/1
2020-07-31 09:26:57:2657 info: Retriving sync summary, summary_id=1
2020-07-31 09:26:57:2657 info: Request completed, url=/1
2020-07-31 09:27:32:2732 info: Server is listening on port 3000
2020-07-31 09:27:34:2734 info: Server is listening on port 3000
2020-07-31 09:27:46:2746 info: Request received, url=/summary/1
2020-07-31 09:27:46:2746 info: Retriving sync summary, summary_id=1
2020-07-31 09:27:46:2746 info: Request completed, url=/1
2020-07-31 09:28:25:2825 info: Server is listening on port 3000
2020-07-31 09:28:28:2828 info: Request received, url=/summary/1
2020-07-31 09:28:28:2828 info: Retriving sync summary, summary_id=1
2020-07-31 09:28:28:2828 info: Request completed, url=/1
2020-07-31 09:28:33:2833 info: Request received, url=/summary/1
2020-07-31 09:28:33:2833 info: Retriving sync summary, summary_id=1
2020-07-31 09:28:33:2833 info: Request completed, url=/1
2020-07-31 09:28:50:2850 info: Server is listening on port 3000
2020-07-31 09:28:59:2859 info: Server is listening on port 3000
2020-07-31 09:29:00:290 info: Request received, url=/summary/1
2020-07-31 09:29:00:290 info: Retriving sync summary, summary_id=1
2020-07-31 09:29:00:290 info: Request completed, url=/1
2020-07-31 09:29:08:298 info: Server is listening on port 3000
2020-07-31 09:29:09:299 info: Request received, url=/summary/1
2020-07-31 09:29:09:299 info: Retriving sync summary, summary_id=1
2020-07-31 09:29:09:299 info: Request completed, url=/1
2020-07-31 09:29:17:2917 info: Server is listening on port 3000
